<?xml version="1.0" encoding="UTF-8" ?>
<testsuite tests="68" failures="1" name="TestSuite" time="0.018" errors="0" skipped="0">
  <properties>
    <property name="java.runtime.name" value="Java(TM) SE Runtime Environment"/>
    <property name="sun.boot.library.path" value="C:\Program Files\Java\jdk1.8.0_60\jre\bin"/>
    <property name="java.vm.version" value="25.60-b23"/>
    <property name="java.vm.vendor" value="Oracle Corporation"/>
    <property name="maven.multiModuleProjectDirectory" value="D:\MyDocs\Documents\MSOE\JUNIOR\Winter Trimester\Software Process II\Activity3\se-3800-calculator"/>
    <property name="java.vendor.url" value="http://java.oracle.com/"/>
    <property name="path.separator" value=";"/>
    <property name="guice.disable.misplaced.annotation.check" value="true"/>
    <property name="java.vm.name" value="Java HotSpot(TM) 64-Bit Server VM"/>
    <property name="file.encoding.pkg" value="sun.io"/>
    <property name="user.script" value=""/>
    <property name="user.country" value="US"/>
    <property name="sun.java.launcher" value="SUN_STANDARD"/>
    <property name="sun.os.patch.level" value="Service Pack 1"/>
    <property name="java.vm.specification.name" value="Java Virtual Machine Specification"/>
    <property name="user.dir" value="D:\MyDocs\Documents\MSOE\JUNIOR\Winter Trimester\Software Process II\Activity3\se-3800-calculator"/>
    <property name="java.runtime.version" value="1.8.0_60-b27"/>
    <property name="java.awt.graphicsenv" value="sun.awt.Win32GraphicsEnvironment"/>
    <property name="java.endorsed.dirs" value="C:\Program Files\Java\jdk1.8.0_60\jre\lib\endorsed"/>
    <property name="os.arch" value="amd64"/>
    <property name="java.io.tmpdir" value="C:\Users\gillh\AppData\Local\Temp\"/>
    <property name="line.separator" value="
"/>
    <property name="java.vm.specification.vendor" value="Oracle Corporation"/>
    <property name="user.variant" value=""/>
    <property name="os.name" value="Windows 7"/>
    <property name="classworlds.conf" value="C:\Program Files (x86)\apache-maven-3.3.9\bin\..\bin\m2.conf"/>
    <property name="sun.jnu.encoding" value="Cp1252"/>
    <property name="java.library.path" value="C:\Program Files\Java\jdk1.8.0_60\bin;C:\Windows\Sun\Java\bin;C:\Windows\system32;C:\Windows;C:\ProgramData\Oracle\Java\javapath;C:\Windows\system32;C:\Windows;C:\Windows\System32\Wbem;C:\Windows\System32\WindowsPowerShell\v1.0\;C:\Program Files\ActivIdentity\ActivClient\;C:\Program Files (x86)\ActivIdentity\ActivClient\;c:\Program Files (x86)\ATI Technologies\ATI.ACE\Core-Static;C:\Program Files\Common Files\Autodesk Shared\;C:\Program Files (x86)\IVI Foundation\VISA\WinNT\Bin\;C:\Program Files\Intel\WiFi\bin\;C:\Program Files\Common Files\Intel\WirelessCommon\;C:\Program Files\PuTTY;C:\Program Files\nodejs\;C:\Program Files (x86)\MySQL\MySQL Fabric 1.5.4 &amp; MySQL Utilities 1.5.4 1.5\;C:\Program Files (x86)\MySQL\MySQL Fabric 1.5.4 &amp; MySQL Utilities 1.5.4 1.5\Doctrine extensions for PHP\;C:\Program Files (x86)\GtkSharp\2.12\bin;C:\HashiCorp\Vagrant\bin;C:\Users\gillh\AppData\Roaming\npm;C:\Python27\;C:\Python27\Scripts;C:\Users\gillh\AppData\Local\Programs\Git\cmd;C:\HashiCorp\Vagrant\bin;C:\Program Files (x86)\apache-maven-3.3.9\bin;C:\Program Files\Java\jdk1.8.0_60\jre\bin;."/>
    <property name="java.specification.name" value="Java Platform API Specification"/>
    <property name="java.class.version" value="52.0"/>
    <property name="sun.management.compiler" value="HotSpot 64-Bit Tiered Compilers"/>
    <property name="os.version" value="6.1"/>
    <property name="user.home" value="C:\Users\gillh"/>
    <property name="user.timezone" value="America/Chicago"/>
    <property name="java.awt.printerjob" value="sun.awt.windows.WPrinterJob"/>
    <property name="java.specification.version" value="1.8"/>
    <property name="file.encoding" value="Cp1252"/>
    <property name="user.name" value="gillh"/>
    <property name="java.class.path" value="C:\Program Files (x86)\apache-maven-3.3.9\bin\..\boot\plexus-classworlds-2.5.2.jar"/>
    <property name="java.vm.specification.version" value="1.8"/>
    <property name="sun.arch.data.model" value="64"/>
    <property name="java.home" value="C:\Program Files\Java\jdk1.8.0_60\jre"/>
    <property name="sun.java.command" value="org.codehaus.plexus.classworlds.launcher.Launcher test"/>
    <property name="java.specification.vendor" value="Oracle Corporation"/>
    <property name="user.language" value="en"/>
    <property name="awt.toolkit" value="sun.awt.windows.WToolkit"/>
    <property name="java.vm.info" value="mixed mode"/>
    <property name="java.version" value="1.8.0_60"/>
    <property name="java.ext.dirs" value="C:\Program Files\Java\jdk1.8.0_60\jre\lib\ext;C:\Windows\Sun\Java\lib\ext"/>
    <property name="sun.boot.class.path" value="C:\Program Files\Java\jdk1.8.0_60\jre\lib\resources.jar;C:\Program Files\Java\jdk1.8.0_60\jre\lib\rt.jar;C:\Program Files\Java\jdk1.8.0_60\jre\lib\sunrsasign.jar;C:\Program Files\Java\jdk1.8.0_60\jre\lib\jsse.jar;C:\Program Files\Java\jdk1.8.0_60\jre\lib\jce.jar;C:\Program Files\Java\jdk1.8.0_60\jre\lib\charsets.jar;C:\Program Files\Java\jdk1.8.0_60\jre\lib\jfr.jar;C:\Program Files\Java\jdk1.8.0_60\jre\classes"/>
    <property name="sun.stderr.encoding" value="cp437"/>
    <property name="java.vendor" value="Oracle Corporation"/>
    <property name="maven.home" value="C:\Program Files (x86)\apache-maven-3.3.9\bin\.."/>
    <property name="file.separator" value="\"/>
    <property name="java.vendor.url.bug" value="http://bugreport.sun.com/bugreport/"/>
    <property name="sun.cpu.endian" value="little"/>
    <property name="sun.io.unicode.encoding" value="UnicodeLittle"/>
    <property name="sun.stdout.encoding" value="cp437"/>
    <property name="sun.desktop" value="windows"/>
    <property name="sun.cpu.isalist" value="amd64"/>
  </properties>
  <testcase classname="calculator.CalculatorTest" name="testBadCommand" time="0.004"/>
  <testcase classname="calculator.CalculatorTest" name="testExit" time="0"/>
  <testcase classname="calculator.CalculatorTest" name="testNonInteger" time="0.001"/>
  <testcase classname="calculator.CalculatorTest" name="testNonIntegerSubstitution" time="0.001"/>
  <testcase classname="calculator.CalculatorTest" name="testStandardOperations" time="0"/>
  <testcase classname="calculator.CalculatorTest" name="testStandardOperations" time="0"/>
  <testcase classname="calculator.CalculatorTest" name="testStandardOperations" time="0.001"/>
  <testcase classname="calculator.CalculatorTest" name="testStandardOperations" time="0"/>
  <testcase classname="calculator.CalculatorTest" name="testStandardOperations" time="0"/>
  <testcase classname="calculator.CalculatorTest" name="testStandardOperations" time="0.004">
    <failure message="expected:&lt;ADD [1.0, 2.0, 3.0] Answer: 6.0
SUB [3.0, 2.0, 1.0] Answer: 0.0
MULT [3.0, 2.0, 2.0] Answer: 12.0
DIV [6.0, 2.0, 3.0] Answer: 1.0
SQR [4.0] Answer: 16.0&gt; but was:&lt;SUB [2.0] Answer: 2.0
ADD [1.0, 2.0] Answer: 3.0
SUB [2.0] Answer: 2.0
ADD [1.0, 2.0, 3.0] Answer: 6.0
SUB [3.0, 2.0, 1.0] Answer: 0.0
MULT [3.0, 2.0, 2.0] Answer: 12.0
DIV [6.0, 2.0, 3.0] Answer: 1.0
SQR [4.0] Answer: 16.0&gt;" type="java.lang.AssertionError">java.lang.AssertionError: expected:&lt;ADD [1.0, 2.0, 3.0] Answer: 6.0
SUB [3.0, 2.0, 1.0] Answer: 0.0
MULT [3.0, 2.0, 2.0] Answer: 12.0
DIV [6.0, 2.0, 3.0] Answer: 1.0
SQR [4.0] Answer: 16.0&gt; but was:&lt;SUB [2.0] Answer: 2.0
ADD [1.0, 2.0] Answer: 3.0
SUB [2.0] Answer: 2.0
ADD [1.0, 2.0, 3.0] Answer: 6.0
SUB [3.0, 2.0, 1.0] Answer: 0.0
MULT [3.0, 2.0, 2.0] Answer: 12.0
DIV [6.0, 2.0, 3.0] Answer: 1.0
SQR [4.0] Answer: 16.0&gt;
	at org.testng.Assert.fail(Assert.java:89)
	at org.testng.Assert.failNotEquals(Assert.java:489)
	at org.testng.Assert.assertEquals(Assert.java:118)
	at org.testng.Assert.assertEquals(Assert.java:171)
	at org.testng.Assert.assertEquals(Assert.java:181)
	at calculator.CalculatorTest.testStandardOperations(CalculatorTest.java:93)
</failure>
  </testcase>
  <testcase classname="calculator.CalculatorTest" name="testSubstitutionOperations" time="0"/>
  <testcase classname="computation.ComputationTest" name="testComputationString" time="0"/>
  <testcase classname="computation.ComputationTest" name="testConstructor" time="0"/>
  <testcase classname="computation.ComputationTest" name="testConstructor" time="0"/>
  <testcase classname="computation.ComputationTest" name="testConstructor" time="0.001"/>
  <testcase classname="computation.ComputationTest" name="testConstructor" time="0"/>
  <testcase classname="computation.ComputationTest" name="testConstructor" time="0"/>
  <testcase classname="computation.ComputationTest" name="testGetName" time="0"/>
  <testcase classname="computation.ComputationTest" name="testGetNumberList" time="0"/>
  <testcase classname="computation.ComputationTest" name="testGetResult" time="0"/>
  <testcase classname="logger.LoggerTest" name="testClearLogHistory" time="0"/>
  <testcase classname="logger.LoggerTest" name="testGetComputation" time="0"/>
  <testcase classname="logger.LoggerTest" name="testGetComputation" time="0"/>
  <testcase classname="logger.LoggerTest" name="testGetComputation" time="0"/>
  <testcase classname="logger.LoggerTest" name="testGetComputation" time="0.001"/>
  <testcase classname="logger.LoggerTest" name="testGetComputation" time="0"/>
  <testcase classname="logger.LoggerTest" name="testGetComputation" time="0"/>
  <testcase classname="logger.LoggerTest" name="testGetComputation" time="0"/>
  <testcase classname="logger.LoggerTest" name="testGetComputation" time="0"/>
  <testcase classname="logger.LoggerTest" name="testGetComputation" time="0"/>
  <testcase classname="logger.LoggerTest" name="testGetComputation" time="0"/>
  <testcase classname="logger.LoggerTest" name="testGetInstance" time="0"/>
  <testcase classname="logger.LoggerTest" name="testLog" time="0"/>
  <testcase classname="logger.LoggerTest" name="testPrintMostRecentLog" time="0"/>
  <testcase classname="logger.LoggerTest" name="testPrintNLogs" time="0"/>
  <testcase classname="logger.LoggerTest" name="testPrintNLogs" time="0"/>
  <testcase classname="logger.LoggerTest" name="testPrintNLogs" time="0.001"/>
  <testcase classname="logger.LoggerTest" name="testPrintNLogs" time="0"/>
  <testcase classname="logger.LoggerTest" name="testPrintNLogs" time="0"/>
  <testcase classname="logger.LoggerTest" name="testPrintNLogs" time="0.001"/>
  <testcase classname="logger.LoggerTest" name="testPrintNLogs" time="0"/>
  <testcase classname="logger.LoggerTest" name="testPrintNLogs" time="0"/>
  <testcase classname="operation.AddOperationTest" name="testAddBoth" time="0"/>
  <testcase classname="operation.AddOperationTest" name="testAddNegatives" time="0"/>
  <testcase classname="operation.AddOperationTest" name="testAddPositives" time="0"/>
  <testcase classname="operation.AddOperationTest" name="testEmptyNumberList" time="0"/>
  <testcase classname="operation.AddOperationTest" name="testNullList" time="0"/>
  <testcase classname="operation.AddOperationTest" name="testValueSize" time="0"/>
  <testcase classname="operation.DivOperationTest" name="testDivideBoth" time="0"/>
  <testcase classname="operation.DivOperationTest" name="testDivideNegatives" time="0"/>
  <testcase classname="operation.DivOperationTest" name="testDividePositives" time="0"/>
  <testcase classname="operation.DivOperationTest" name="testEmptyList" time="0"/>
  <testcase classname="operation.DivOperationTest" name="testValueSize" time="0.001"/>
  <testcase classname="operation.MultOperationTest" name="testEmptyList" time="0"/>
  <testcase classname="operation.MultOperationTest" name="testMultiplyBoth" time="0"/>
  <testcase classname="operation.MultOperationTest" name="testMultiplyNegative" time="0.001"/>
  <testcase classname="operation.MultOperationTest" name="testMultiplyPositive" time="0"/>
  <testcase classname="operation.MultOperationTest" name="testValueSize" time="0"/>
  <testcase classname="operation.SqrOperationTest" name="testEmptyList" time="0"/>
  <testcase classname="operation.SqrOperationTest" name="testMoreThanOneElementList" time="0"/>
  <testcase classname="operation.SqrOperationTest" name="testNegativeNumbers" time="0"/>
  <testcase classname="operation.SqrOperationTest" name="testPositiveNumbers" time="0"/>
  <testcase classname="operation.SqrOperationTest" name="testValueSize" time="0"/>
  <testcase classname="operation.SubOperationTest" name="testBoth" time="0"/>
  <testcase classname="operation.SubOperationTest" name="testEmptyList" time="0"/>
  <testcase classname="operation.SubOperationTest" name="testNegativeNumbers" time="0.001"/>
  <testcase classname="operation.SubOperationTest" name="testPositiveNumbers" time="0"/>
  <testcase classname="operation.SubOperationTest" name="testValueSize" time="0"/>
</testsuite>